c:\users\maxgo\desktop\c_s\f - copy\task2\task2\advprogt2v1client\advprogt2v1\x64\debug\vc143.pdb
c:\users\maxgo\desktop\c_s\f - copy\task2\task2\advprogt2v1client\advprogt2v1\x64\debug\vc143.idb
c:\users\maxgo\desktop\c_s\f - copy\task2\task2\advprogt2v1client\advprogt2v1\x64\debug\advprogt2v1client.obj
c:\users\maxgo\desktop\c_s\f - copy\task2\advprogt2v1\advprogt2v1client\advprogt2v1\x64\debug\vc143.pdb
c:\users\maxgo\desktop\c_s\f - copy\task2\advprogt2v1\advprogt2v1client\advprogt2v1\x64\debug\vc143.idb
c:\users\maxgo\desktop\c_s\f - copy\task2\advprogt2v1\advprogt2v1client\advprogt2v1\x64\debug\advprogt2v1client.obj
c:\users\maxgo\desktop\c_s\f - copy\task2\task2\advprogt2v1client\advprogt2v1\x64\debug\advprogt2v1client.ilk
c:\users\maxgo\desktop\c_s\f - copy\task2\task2\advprogt2v1client\x64\debug\advprogt2v1client.exe
c:\users\maxgo\desktop\c_s\f - copy\task2\task2\advprogt2v1client\x64\debug\advprogt2v1client.pdb
c:\users\maxgo\desktop\c_s\f - copy\task2\advprogt2v1\advprogt2v1client\x64\debug\advprogt2v1client.exe
c:\users\maxgo\desktop\c_s\f - copy\task2\advprogt2v1\advprogt2v1client\advprogt2v1\x64\debug\advprogt2v1client.ilk
c:\users\maxgo\desktop\c_s\f - copy\task2\advprogt2v1\advprogt2v1client\x64\debug\advprogt2v1client.pdb
c:\users\maxgo\onedrive\desktop\advprogt2v1\advprogt2v1client\advprogt2v1\x64\debug\advprogt2v1client.ilk
c:\users\maxgo\onedrive\desktop\advprogt2v1\advprogt2v1client\advprogt2v1\x64\debug\vc143.idb
c:\users\maxgo\onedrive\desktop\advprogt2v1\advprogt2v1client\advprogt2v1\x64\debug\vc143.pdb
c:\users\maxgo\onedrive\desktop\advprogt2v1\advprogt2v1client\x64\debug\advprogt2v1client.pdb
c:\users\maxgo\onedrive\desktop\advprogt2v1\advprogt2v1client\x64\debug\advprogt2v1client.exe
c:\users\maxgo\onedrive\desktop\advprogt2v1\advprogt2v1client\advprogt2v1\x64\debug\advprogt.85f53a53.tlog\cl.command.1.tlog
c:\users\maxgo\onedrive\desktop\advprogt2v1\advprogt2v1client\advprogt2v1\x64\debug\advprogt.85f53a53.tlog\cl.read.1.tlog
c:\users\maxgo\onedrive\desktop\advprogt2v1\advprogt2v1client\advprogt2v1\x64\debug\advprogt.85f53a53.tlog\cl.write.1.tlog
c:\users\maxgo\onedrive\desktop\advprogt2v1\advprogt2v1client\advprogt2v1\x64\debug\advprogt.85f53a53.tlog\link.command.1.tlog
c:\users\maxgo\onedrive\desktop\advprogt2v1\advprogt2v1client\advprogt2v1\x64\debug\advprogt.85f53a53.tlog\link.read.1.tlog
c:\users\maxgo\onedrive\desktop\advprogt2v1\advprogt2v1client\advprogt2v1\x64\debug\advprogt.85f53a53.tlog\link.write.1.tlog
